# JRE version: OpenJDK Runtime Environment (8.0_242-b01) (build 1.8.0_242-release-1644-b01)
# Java VM: OpenJDK 64-Bit Server VM (25.242-b01 mixed mode windows-amd64 compressed oops)
Heap:
 PSYoungGen      total 397824K, used 103552K [0x00000000e0000000, 0x0000000100000000, 0x0000000100000000)
  eden space 282112K, 6% used [0x00000000e0000000,0x00000000e12cf9f8,0x00000000f1380000)
  from space 115712K, 72% used [0x00000000f1380000,0x00000000f65d0688,0x00000000f8480000)
  to   space 124928K, 0% used [0x00000000f8600000,0x00000000f8600000,0x0000000100000000)
 ParOldGen       total 276992K, used 250308K [0x00000000a0000000, 0x00000000b0e80000, 0x00000000e0000000)
  object space 276992K, 90% used [0x00000000a0000000,0x00000000af471060,0x00000000b0e80000)
 Metaspace       used 98061K, capacity 106022K, committed 106200K, reserved 1142784K
  class space    used 12534K, capacity 13820K, committed 13824K, reserved 1048576K
GC Heap History (10 events):
Event: 9415.201 GC heap before
{Heap before GC invocations=50 (full 5):
 PSYoungGen      total 387072K, used 349155K [0x00000000e0000000, 0x0000000100000000, 0x0000000100000000)
  eden space 267264K, 100% used [0x00000000e0000000,0x00000000f0500000,0x00000000f0500000)
  from space 119808K, 68% used [0x00000000f8980000,0x00000000fd978c70,0x00000000ffe80000)
  to   space 128512K, 0% used [0x00000000f0500000,0x00000000f0500000,0x00000000f8280000)
 ParOldGen       total 276992K, used 216632K [0x00000000a0000000, 0x00000000b0e80000, 0x00000000e0000000)
  object space 276992K, 78% used [0x00000000a0000000,0x00000000ad38e0d8,0x00000000b0e80000)
 Metaspace       used 97934K, capacity 105794K, committed 105944K, reserved 1140736K
  class space    used 12532K, capacity 13816K, committed 13824K, reserved 1048576K
Event: 9415.217 GC heap after
Heap after GC invocations=50 (full 5):
 PSYoungGen      total 395776K, used 21988K [0x00000000e0000000, 0x00000000ffd80000, 0x0000000100000000)
  eden space 267264K, 0% used [0x00000000e0000000,0x00000000e0000000,0x00000000f0500000)
  from space 128512K, 17% used [0x00000000f0500000,0x00000000f1a793b8,0x00000000f8280000)
  to   space 122880K, 0% used [0x00000000f8580000,0x00000000f8580000,0x00000000ffd80000)
 ParOldGen       total 276992K, used 217536K [0x00000000a0000000, 0x00000000b0e80000, 0x00000000e0000000)
  object space 276992K, 78% used [0x00000000a0000000,0x00000000ad470158,0x00000000b0e80000)
 Metaspace       used 97934K, capacity 105794K, committed 105944K, reserved 1140736K
  class space    used 12532K, capacity 13816K, committed 13824K, reserved 1048576K
}
Event: 9416.080 GC heap before
{Heap before GC invocations=51 (full 5):
 PSYoungGen      total 395776K, used 289206K [0x00000000e0000000, 0x00000000ffd80000, 0x0000000100000000)
  eden space 267264K, 99% used [0x00000000e0000000,0x00000000f04f4728,0x00000000f0500000)
  from space 128512K, 17% used [0x00000000f0500000,0x00000000f1a793b8,0x00000000f8280000)
  to   space 122880K, 0% used [0x00000000f8580000,0x00000000f8580000,0x00000000ffd80000)
 ParOldGen       total 276992K, used 217536K [0x00000000a0000000, 0x00000000b0e80000, 0x00000000e0000000)
  object space 276992K, 78% used [0x00000000a0000000,0x00000000ad470158,0x00000000b0e80000)
 Metaspace       used 97980K, capacity 105882K, committed 105944K, reserved 1140736K
  class space    used 12534K, capacity 13820K, committed 13824K, reserved 1048576K
Event: 9416.143 GC heap after
Heap after GC invocations=51 (full 5):
 PSYoungGen      total 395264K, used 69503K [0x00000000e0000000, 0x0000000100000000, 0x0000000100000000)
  eden space 272384K, 0% used [0x00000000e0000000,0x00000000e0000000,0x00000000f0a00000)
  from space 122880K, 56% used [0x00000000f8580000,0x00000000fc95fdd8,0x00000000ffd80000)
  to   space 125952K, 0% used [0x00000000f0a00000,0x00000000f0a00000,0x00000000f8500000)
 ParOldGen       total 276992K, used 227624K [0x00000000a0000000, 0x00000000b0e80000, 0x00000000e0000000)
  object space 276992K, 82% used [0x00000000a0000000,0x00000000ade4a160,0x00000000b0e80000)
 Metaspace       used 97980K, capacity 105882K, committed 105944K, reserved 1140736K
  class space    used 12534K, capacity 13820K, committed 13824K, reserved 1048576K
}
Event: 9741.858 GC heap before
{Heap before GC invocations=52 (full 5):
 PSYoungGen      total 395264K, used 341887K [0x00000000e0000000, 0x0000000100000000, 0x0000000100000000)
  eden space 272384K, 100% used [0x00000000e0000000,0x00000000f0a00000,0x00000000f0a00000)
  from space 122880K, 56% used [0x00000000f8580000,0x00000000fc95fdd8,0x00000000ffd80000)
  to   space 125952K, 0% used [0x00000000f0a00000,0x00000000f0a00000,0x00000000f8500000)
 ParOldGen       total 276992K, used 227624K [0x00000000a0000000, 0x00000000b0e80000, 0x00000000e0000000)
  object space 276992K, 82% used [0x00000000a0000000,0x00000000ade4a160,0x00000000b0e80000)
 Metaspace       used 98012K, capacity 105946K, committed 106200K, reserved 1142784K
  class space    used 12534K, capacity 13820K, committed 13824K, reserved 1048576K
Event: 9741.867 GC heap after
Heap after GC invocations=52 (full 5):
 PSYoungGen      total 284160K, used 11763K [0x00000000e0000000, 0x00000000ffc00000, 0x0000000100000000)
  eden space 272384K, 0% used [0x00000000e0000000,0x00000000e0000000,0x00000000f0a00000)
  from space 11776K, 99% used [0x00000000f0a00000,0x00000000f157ce58,0x00000000f1580000)
  to   space 122368K, 0% used [0x00000000f8480000,0x00000000f8480000,0x00000000ffc00000)
 ParOldGen       total 276992K, used 231572K [0x00000000a0000000, 0x00000000b0e80000, 0x00000000e0000000)
  object space 276992K, 83% used [0x00000000a0000000,0x00000000ae225008,0x00000000b0e80000)
 Metaspace       used 98012K, capacity 105946K, committed 106200K, reserved 1142784K
  class space    used 12534K, capacity 13820K, committed 13824K, reserved 1048576K
}
Event: 9743.037 GC heap before
{Heap before GC invocations=53 (full 5):
 PSYoungGen      total 284160K, used 277904K [0x00000000e0000000, 0x00000000ffc00000, 0x0000000100000000)
  eden space 272384K, 97% used [0x00000000e0000000,0x00000000f03e7568,0x00000000f0a00000)
  from space 11776K, 99% used [0x00000000f0a00000,0x00000000f157ce58,0x00000000f1580000)
  to   space 122368K, 0% used [0x00000000f8480000,0x00000000f8480000,0x00000000ffc00000)
 ParOldGen       total 276992K, used 231572K [0x00000000a0000000, 0x00000000b0e80000, 0x00000000e0000000)
  object space 276992K, 83% used [0x00000000a0000000,0x00000000ae225008,0x00000000b0e80000)
 Metaspace       used 98058K, capacity 106022K, committed 106200K, reserved 1142784K
  class space    used 12534K, capacity 13820K, committed 13824K, reserved 1048576K
Event: 9743.059 GC heap after
Heap after GC invocations=53 (full 5):
 PSYoungGen      total 404480K, used 29931K [0x00000000e0000000, 0x0000000100000000, 0x0000000100000000)
  eden space 282112K, 0% used [0x00000000e0000000,0x00000000e0000000,0x00000000f1380000)
  from space 122368K, 24% used [0x00000000f8480000,0x00000000fa1bac40,0x00000000ffc00000)
  to   space 115712K, 0% used [0x00000000f1380000,0x00000000f1380000,0x00000000f8480000)
 ParOldGen       total 276992K, used 235224K [0x00000000a0000000, 0x00000000b0e80000, 0x00000000e0000000)
  object space 276992K, 84% used [0x00000000a0000000,0x00000000ae5b6230,0x00000000b0e80000)
 Metaspace       used 98058K, capacity 106022K, committed 106200K, reserved 1142784K
  class space    used 12534K, capacity 13820K, committed 13824K, reserved 1048576K
}
Event: 9743.823 GC heap before
{Heap before GC invocations=54 (full 5):
 PSYoungGen      total 404480K, used 312043K [0x00000000e0000000, 0x0000000100000000, 0x0000000100000000)
  eden space 282112K, 100% used [0x00000000e0000000,0x00000000f1380000,0x00000000f1380000)
  from space 122368K, 24% used [0x00000000f8480000,0x00000000fa1bac40,0x00000000ffc00000)
  to   space 115712K, 0% used [0x00000000f1380000,0x00000000f1380000,0x00000000f8480000)
 ParOldGen       total 276992K, used 235224K [0x00000000a0000000, 0x00000000b0e80000, 0x00000000e0000000)
  object space 276992K, 84% used [0x00000000a0000000,0x00000000ae5b6230,0x00000000b0e80000)
 Metaspace       used 98060K, capacity 106022K, committed 106200K, reserved 1142784K
  class space    used 12534K, capacity 13820K, committed 13824K, reserved 1048576K
Event: 9743.900 GC heap after
Heap after GC invocations=54 (full 5):
 PSYoungGen      total 397824K, used 84289K [0x00000000e0000000, 0x0000000100000000, 0x0000000100000000)
  eden space 282112K, 0% used [0x00000000e0000000,0x00000000e0000000,0x00000000f1380000)
  from space 115712K, 72% used [0x00000000f1380000,0x00000000f65d0688,0x00000000f8480000)
  to   space 124928K, 0% used [0x00000000f8600000,0x00000000f8600000,0x0000000100000000)
 ParOldGen       total 276992K, used 250308K [0x00000000a0000000, 0x00000000b0e80000, 0x00000000e0000000)
  object space 276992K, 90% used [0x00000000a0000000,0x00000000af471060,0x00000000b0e80000)
 Metaspace       used 98060K, capacity 106022K, committed 106200K, reserved 1142784K
  class space    used 12534K, capacity 13820K, committed 13824K, reserved 1048576K
}

