# JRE version: OpenJDK Runtime Environment (11.0.8+10) (build 11.0.8+10-b944.6842174)
# Java VM: OpenJDK 64-Bit Server VM (11.0.8+10-b944.6842174, mixed mode, tiered, compressed oops, g1 gc, windows-amd64)
Heap:
 garbage-first heap   total 420864K, used 352767K [0x00000000a0000000, 0x0000000100000000)
  region size 1024K, 137 young (140288K), 12 survivors (12288K)
 Metaspace       used 173516K, capacity 178166K, committed 178420K, reserved 1206272K
  class space    used 20936K, capacity 22568K, committed 22624K, reserved 1048576K
GC Heap History (20 events):
Event: 581.180 GC heap after
{Heap after GC invocations=162 (full 0):
 garbage-first heap   total 420864K, used 174162K [0x00000000a0000000, 0x0000000100000000)
  region size 1024K, 7 young (7168K), 7 survivors (7168K)
 Metaspace       used 159960K, capacity 164466K, committed 164596K, reserved 1191936K
  class space    used 19740K, capacity 21275K, committed 21344K, reserved 1048576K
}
Event: 931.887 GC heap before
{Heap before GC invocations=162 (full 0):
 garbage-first heap   total 420864K, used 288850K [0x00000000a0000000, 0x0000000100000000)
  region size 1024K, 120 young (122880K), 7 survivors (7168K)
 Metaspace       used 160550K, capacity 165066K, committed 165236K, reserved 1193984K
  class space    used 19781K, capacity 21331K, committed 21472K, reserved 1048576K
}
Event: 931.900 GC heap after
{Heap after GC invocations=163 (full 0):
 garbage-first heap   total 420864K, used 181655K [0x00000000a0000000, 0x0000000100000000)
  region size 1024K, 14 young (14336K), 14 survivors (14336K)
 Metaspace       used 160550K, capacity 165066K, committed 165236K, reserved 1193984K
  class space    used 19781K, capacity 21331K, committed 21472K, reserved 1048576K
}
Event: 933.711 GC heap before
{Heap before GC invocations=163 (full 0):
 garbage-first heap   total 420864K, used 299415K [0x00000000a0000000, 0x0000000100000000)
  region size 1024K, 130 young (133120K), 14 survivors (14336K)
 Metaspace       used 161881K, capacity 166385K, committed 166644K, reserved 1193984K
  class space    used 19923K, capacity 21511K, committed 21600K, reserved 1048576K
}
Event: 933.725 GC heap after
{Heap after GC invocations=164 (full 0):
 garbage-first heap   total 420864K, used 185745K [0x00000000a0000000, 0x0000000100000000)
  region size 1024K, 12 young (12288K), 12 survivors (12288K)
 Metaspace       used 161881K, capacity 166385K, committed 166644K, reserved 1193984K
  class space    used 19923K, capacity 21511K, committed 21600K, reserved 1048576K
}
Event: 935.545 GC heap before
{Heap before GC invocations=164 (full 0):
 garbage-first heap   total 420864K, used 308625K [0x00000000a0000000, 0x0000000100000000)
  region size 1024K, 133 young (136192K), 12 survivors (12288K)
 Metaspace       used 162103K, capacity 166580K, committed 166900K, reserved 1193984K
  class space    used 19924K, capacity 21511K, committed 21600K, reserved 1048576K
}
Event: 935.564 GC heap after
{Heap after GC invocations=165 (full 0):
 garbage-first heap   total 420864K, used 198350K [0x00000000a0000000, 0x0000000100000000)
  region size 1024K, 17 young (17408K), 17 survivors (17408K)
 Metaspace       used 162103K, capacity 166580K, committed 166900K, reserved 1193984K
  class space    used 19924K, capacity 21511K, committed 21600K, reserved 1048576K
}
Event: 937.041 GC heap before
{Heap before GC invocations=165 (full 0):
 garbage-first heap   total 420864K, used 329422K [0x00000000a0000000, 0x0000000100000000)
  region size 1024K, 135 young (138240K), 17 survivors (17408K)
 Metaspace       used 162449K, capacity 166905K, committed 167156K, reserved 1196032K
  class space    used 19947K, capacity 21513K, committed 21600K, reserved 1048576K
}
Event: 937.062 GC heap after
{Heap after GC invocations=166 (full 0):
 garbage-first heap   total 420864K, used 215200K [0x00000000a0000000, 0x0000000100000000)
  region size 1024K, 16 young (16384K), 16 survivors (16384K)
 Metaspace       used 162449K, capacity 166905K, committed 167156K, reserved 1196032K
  class space    used 19947K, capacity 21513K, committed 21600K, reserved 1048576K
}
Event: 938.607 GC heap before
{Heap before GC invocations=166 (full 0):
 garbage-first heap   total 420864K, used 344224K [0x00000000a0000000, 0x0000000100000000)
  region size 1024K, 126 young (129024K), 16 survivors (16384K)
 Metaspace       used 165710K, capacity 170227K, committed 170484K, reserved 1198080K
  class space    used 20265K, capacity 21822K, committed 21856K, reserved 1048576K
}
Event: 938.626 GC heap after
{Heap after GC invocations=167 (full 0):
 garbage-first heap   total 420864K, used 221183K [0x00000000a0000000, 0x0000000100000000)
  region size 1024K, 7 young (7168K), 7 survivors (7168K)
 Metaspace       used 165710K, capacity 170227K, committed 170484K, reserved 1198080K
  class space    used 20265K, capacity 21822K, committed 21856K, reserved 1048576K
}
Event: 939.460 GC heap before
{Heap before GC invocations=167 (full 0):
 garbage-first heap   total 420864K, used 333823K [0x00000000a0000000, 0x0000000100000000)
  region size 1024K, 118 young (120832K), 7 survivors (7168K)
 Metaspace       used 169423K, capacity 173942K, committed 174196K, reserved 1202176K
  class space    used 20545K, capacity 22143K, committed 22240K, reserved 1048576K
}
Event: 939.468 GC heap after
{Heap after GC invocations=168 (full 0):
 garbage-first heap   total 420864K, used 222088K [0x00000000a0000000, 0x0000000100000000)
  region size 1024K, 8 young (8192K), 8 survivors (8192K)
 Metaspace       used 169423K, capacity 173942K, committed 174196K, reserved 1202176K
  class space    used 20545K, capacity 22143K, committed 22240K, reserved 1048576K
}
Event: 940.973 GC heap before
{Heap before GC invocations=168 (full 0):
 garbage-first heap   total 420864K, used 340872K [0x00000000a0000000, 0x0000000100000000)
  region size 1024K, 124 young (126976K), 8 survivors (8192K)
 Metaspace       used 171598K, capacity 176117K, committed 176372K, reserved 1204224K
  class space    used 20748K, capacity 22326K, committed 22368K, reserved 1048576K
}
Event: 940.980 GC heap after
{Heap after GC invocations=169 (full 0):
 garbage-first heap   total 420864K, used 219647K [0x00000000a0000000, 0x0000000100000000)
  region size 1024K, 5 young (5120K), 5 survivors (5120K)
 Metaspace       used 171598K, capacity 176117K, committed 176372K, reserved 1204224K
  class space    used 20748K, capacity 22326K, committed 22368K, reserved 1048576K
}
Event: 942.412 GC heap before
{Heap before GC invocations=169 (full 0):
 garbage-first heap   total 420864K, used 344575K [0x00000000a0000000, 0x0000000100000000)
  region size 1024K, 128 young (131072K), 5 survivors (5120K)
 Metaspace       used 172387K, capacity 176940K, committed 177268K, reserved 1204224K
  class space    used 20828K, capacity 22406K, committed 22496K, reserved 1048576K
}
Event: 942.422 GC heap after
{Heap after GC invocations=170 (full 0):
 garbage-first heap   total 420864K, used 223246K [0x00000000a0000000, 0x0000000100000000)
  region size 1024K, 9 young (9216K), 9 survivors (9216K)
 Metaspace       used 172387K, capacity 176940K, committed 177268K, reserved 1204224K
  class space    used 20828K, capacity 22406K, committed 22496K, reserved 1048576K
}
Event: 943.773 GC heap before
{Heap before GC invocations=170 (full 0):
 garbage-first heap   total 420864K, used 348174K [0x00000000a0000000, 0x0000000100000000)
  region size 1024K, 132 young (135168K), 9 survivors (9216K)
 Metaspace       used 172936K, capacity 177534K, committed 177780K, reserved 1204224K
  class space    used 20882K, capacity 22491K, committed 22496K, reserved 1048576K
}
Event: 943.784 GC heap after
{Heap after GC invocations=171 (full 0):
 garbage-first heap   total 420864K, used 224767K [0x00000000a0000000, 0x0000000100000000)
  region size 1024K, 10 young (10240K), 10 survivors (10240K)
 Metaspace       used 172936K, capacity 177534K, committed 177780K, reserved 1204224K
  class space    used 20882K, capacity 22491K, committed 22496K, reserved 1048576K
}
Event: 948.865 GC heap before
{Heap before GC invocations=171 (full 0):
 garbage-first heap   total 420864K, used 351743K [0x00000000a0000000, 0x0000000100000000)
  region size 1024K, 135 young (138240K), 10 survivors (10240K)
 Metaspace       used 173516K, capacity 178166K, committed 178420K, reserved 1206272K
  class space    used 20936K, capacity 22568K, committed 22624K, reserved 1048576K
}

