# JRE version: OpenJDK Runtime Environment (11.0.8+10) (build 11.0.8+10-b944.6842174)
# Java VM: OpenJDK 64-Bit Server VM (11.0.8+10-b944.6842174, mixed mode, tiered, compressed oops, g1 gc, windows-amd64)
Heap:
 garbage-first heap   total 129024K, used 42262K [0x00000000a0000000, 0x0000000100000000)
  region size 1024K, 6 young (6144K), 4 survivors (4096K)
 Metaspace       used 41628K, capacity 42677K, committed 42880K, reserved 1087488K
  class space    used 5336K, capacity 5706K, committed 5760K, reserved 1048576K
GC Heap History (16 events):
Event: 0.451 GC heap before
{Heap before GC invocations=0 (full 0):
 garbage-first heap   total 129024K, used 19456K [0x00000000a0000000, 0x0000000100000000)
  region size 1024K, 14 young (14336K), 0 survivors (0K)
 Metaspace       used 7399K, capacity 7567K, committed 7680K, reserved 1056768K
  class space    used 670K, capacity 716K, committed 768K, reserved 1048576K
}
Event: 0.460 GC heap after
{Heap after GC invocations=1 (full 0):
 garbage-first heap   total 129024K, used 7955K [0x00000000a0000000, 0x0000000100000000)
  region size 1024K, 2 young (2048K), 2 survivors (2048K)
 Metaspace       used 7399K, capacity 7567K, committed 7680K, reserved 1056768K
  class space    used 670K, capacity 716K, committed 768K, reserved 1048576K
}
Event: 0.784 GC heap before
{Heap before GC invocations=1 (full 0):
 garbage-first heap   total 129024K, used 20243K [0x00000000a0000000, 0x0000000100000000)
  region size 1024K, 14 young (14336K), 2 survivors (2048K)
 Metaspace       used 10876K, capacity 11127K, committed 11264K, reserved 1058816K
  class space    used 1144K, capacity 1201K, committed 1280K, reserved 1048576K
}
Event: 0.786 GC heap after
{Heap after GC invocations=2 (full 0):
 garbage-first heap   total 129024K, used 8677K [0x00000000a0000000, 0x0000000100000000)
  region size 1024K, 1 young (1024K), 1 survivors (1024K)
 Metaspace       used 10876K, capacity 11127K, committed 11264K, reserved 1058816K
  class space    used 1144K, capacity 1201K, committed 1280K, reserved 1048576K
}
Event: 1.167 GC heap before
{Heap before GC invocations=2 (full 0):
 garbage-first heap   total 129024K, used 37349K [0x00000000a0000000, 0x0000000100000000)
  region size 1024K, 30 young (30720K), 1 survivors (1024K)
 Metaspace       used 11052K, capacity 11320K, committed 11520K, reserved 1058816K
  class space    used 1146K, capacity 1201K, committed 1280K, reserved 1048576K
}
Event: 1.171 GC heap after
{Heap after GC invocations=3 (full 0):
 garbage-first heap   total 129024K, used 13123K [0x00000000a0000000, 0x0000000100000000)
  region size 1024K, 4 young (4096K), 4 survivors (4096K)
 Metaspace       used 11052K, capacity 11320K, committed 11520K, reserved 1058816K
  class space    used 1146K, capacity 1201K, committed 1280K, reserved 1048576K
}
Event: 2.824 GC heap before
{Heap before GC invocations=3 (full 0):
 garbage-first heap   total 129024K, used 56131K [0x00000000a0000000, 0x0000000100000000)
  region size 1024K, 46 young (47104K), 4 survivors (4096K)
 Metaspace       used 18963K, capacity 19466K, committed 19584K, reserved 1067008K
  class space    used 2280K, capacity 2409K, committed 2432K, reserved 1048576K
}
Event: 2.831 GC heap after
{Heap after GC invocations=4 (full 0):
 garbage-first heap   total 129024K, used 16012K [0x00000000a0000000, 0x0000000100000000)
  region size 1024K, 3 young (3072K), 3 survivors (3072K)
 Metaspace       used 18963K, capacity 19466K, committed 19584K, reserved 1067008K
  class space    used 2280K, capacity 2409K, committed 2432K, reserved 1048576K
}
Event: 2.967 GC heap before
{Heap before GC invocations=4 (full 0):
 garbage-first heap   total 129024K, used 27276K [0x00000000a0000000, 0x0000000100000000)
  region size 1024K, 15 young (15360K), 3 survivors (3072K)
 Metaspace       used 20511K, capacity 21062K, committed 21248K, reserved 1067008K
  class space    used 2491K, capacity 2691K, committed 2816K, reserved 1048576K
}
Event: 2.971 GC heap after
{Heap after GC invocations=5 (full 0):
 garbage-first heap   total 129024K, used 16356K [0x00000000a0000000, 0x0000000100000000)
  region size 1024K, 4 young (4096K), 4 survivors (4096K)
 Metaspace       used 20511K, capacity 21062K, committed 21248K, reserved 1067008K
  class space    used 2491K, capacity 2691K, committed 2816K, reserved 1048576K
}
Event: 4.037 GC heap before
{Heap before GC invocations=6 (full 0):
 garbage-first heap   total 129024K, used 65508K [0x00000000a0000000, 0x0000000100000000)
  region size 1024K, 52 young (53248K), 4 survivors (4096K)
 Metaspace       used 25881K, capacity 26615K, committed 26752K, reserved 1073152K
  class space    used 3387K, capacity 3654K, committed 3712K, reserved 1048576K
}
Event: 4.043 GC heap after
{Heap after GC invocations=7 (full 0):
 garbage-first heap   total 129024K, used 18447K [0x00000000a0000000, 0x0000000100000000)
  region size 1024K, 6 young (6144K), 6 survivors (6144K)
 Metaspace       used 25881K, capacity 26615K, committed 26752K, reserved 1073152K
  class space    used 3387K, capacity 3654K, committed 3712K, reserved 1048576K
}
Event: 5.386 GC heap before
{Heap before GC invocations=7 (full 0):
 garbage-first heap   total 129024K, used 92175K [0x00000000a0000000, 0x0000000100000000)
  region size 1024K, 70 young (71680K), 6 survivors (6144K)
 Metaspace       used 34856K, capacity 35721K, committed 35840K, reserved 1081344K
  class space    used 4574K, capacity 4898K, committed 4992K, reserved 1048576K
}
Event: 5.394 GC heap after
{Heap after GC invocations=8 (full 0):
 garbage-first heap   total 129024K, used 32906K [0x00000000a0000000, 0x0000000100000000)
  region size 1024K, 8 young (8192K), 8 survivors (8192K)
 Metaspace       used 34856K, capacity 35721K, committed 35840K, reserved 1081344K
  class space    used 4574K, capacity 4898K, committed 4992K, reserved 1048576K
}
Event: 7.293 GC heap before
{Heap before GC invocations=9 (full 0):
 garbage-first heap   total 129024K, used 94346K [0x00000000a0000000, 0x0000000100000000)
  region size 1024K, 62 young (63488K), 8 survivors (8192K)
 Metaspace       used 41475K, capacity 42482K, committed 42624K, reserved 1085440K
  class space    used 5323K, capacity 5705K, committed 5760K, reserved 1048576K
}
Event: 7.301 GC heap after
{Heap after GC invocations=10 (full 0):
 garbage-first heap   total 129024K, used 41238K [0x00000000a0000000, 0x0000000100000000)
  region size 1024K, 4 young (4096K), 4 survivors (4096K)
 Metaspace       used 41475K, capacity 42482K, committed 42624K, reserved 1085440K
  class space    used 5323K, capacity 5705K, committed 5760K, reserved 1048576K
}

